<?xml version="1.0" encoding="UTF-8"?>
<!-- Generated by org.testng.reporters.JUnitReportReporter -->
<testsuite hostname="DESKTOP-PQ2O7UF" name="DDT.Amazon_Login" tests="3" failures="0" timestamp="26 Jul 2017 04:04:38 GMT" time="149.390" errors="0">
  <testcase name="login_Amazon" time="72.243" classname="DDT.Amazon_Login"/>
  <testcase name="login_Amazon" time="32.601" classname="DDT.Amazon_Login"/>
  <testcase name="login_Amazon" time="44.546" classname="DDT.Amazon_Login"/>
</testsuite> <!-- DDT.Amazon_Login -->
